<?xml version="1.0" encoding="UTF-8"?>
<!-- Generated by org.testng.reporters.JUnitXMLReporter -->
<testsuite ignored="1" hostname="LAPTOP-0QJFP7EQ" failures="0" tests="1" name="Default test" time="0.095" errors="0" timestamp="2022-07-14T15:50:36 IST">
  <testcase classname="production.OrganizationModuleTest" name="createContactTest" time="0.016"/>
  <testcase classname="production.OrganizationModuleTest" name="createOrganizationTest" time="0.0">
    <ignored/>
  </testcase> <!-- createOrganizationTest -->
</testsuite> <!-- Default test -->
