<?xml version="1.0" encoding="UTF-8"?>
<!-- Generated by org.testng.reporters.JUnitXMLReporter -->
<testsuite ignored="0" hostname="LAPTOP-0QJFP7EQ" failures="0" tests="4" name="Test" time="0.059" errors="0" timestamp="2022-07-14T15:54:06 IST">
  <testcase classname="production.OrganizationModuleTest" name="createContactTest" time="0.009"/>
  <testcase classname="production.OrganizationModuleTest" name="createOrganizationTest" time="0.001"/>
  <testcase classname="production.ContactModuleTest" name="createContactTest" time="0.001"/>
  <testcase classname="production.ContactModuleTest" name="createOrganizationTest" time="0.001"/>
</testsuite> <!-- Test -->
