<?xml version="1.0" encoding="UTF-8"?>
<testng-results ignored="0" total="4" passed="4" failed="0" skipped="0">
  <reporter-output>
  </reporter-output>
  <suite started-at="2022-07-14T15:54:06 IST" name="Suite" finished-at="2022-07-14T15:54:06 IST" duration-ms="59">
    <groups>
    </groups>
    <test started-at="2022-07-14T15:54:06 IST" name="Test" finished-at="2022-07-14T15:54:06 IST" duration-ms="59">
      <class name="production.ContactModuleTest">
        <test-method signature="createContactTest()[pri:0, instance:production.ContactModuleTest@306f16f3]" started-at="2022-07-14T15:54:06 IST" name="createContactTest" finished-at="2022-07-14T15:54:06 IST" duration-ms="1" status="PASS">
          <reporter-output>
          </reporter-output>
        </test-method> <!-- createContactTest -->
        <test-method signature="createOrganizationTest()[pri:0, instance:production.ContactModuleTest@306f16f3]" started-at="2022-07-14T15:54:06 IST" name="createOrganizationTest" finished-at="2022-07-14T15:54:06 IST" duration-ms="1" status="PASS">
          <reporter-output>
          </reporter-output>
        </test-method> <!-- createOrganizationTest -->
      </class> <!-- production.ContactModuleTest -->
      <class name="production.OrganizationModuleTest">
        <test-method signature="createContactTest()[pri:0, instance:production.OrganizationModuleTest@696da30b]" started-at="2022-07-14T15:54:06 IST" name="createContactTest" finished-at="2022-07-14T15:54:06 IST" duration-ms="9" status="PASS">
          <reporter-output>
          </reporter-output>
        </test-method> <!-- createContactTest -->
        <test-method signature="createOrganizationTest()[pri:0, instance:production.OrganizationModuleTest@696da30b]" started-at="2022-07-14T15:54:06 IST" name="createOrganizationTest" finished-at="2022-07-14T15:54:06 IST" duration-ms="1" status="PASS">
          <reporter-output>
          </reporter-output>
        </test-method> <!-- createOrganizationTest -->
      </class> <!-- production.OrganizationModuleTest -->
    </test> <!-- Test -->
  </suite> <!-- Suite -->
</testng-results>
